Arguments: 
  /home/omar/.nvm/versions/node/v16.16.0/bin/node /home/omar/.node/corepack/yarn/1.22.15/bin/yarn.js add --dev prettier

PATH: 
  /home/omar/.vscode-server/bin/784b0177c56c607789f9638da7b6bf3230d47a8c/bin/remote-cli:/home/omar/.nvm/versions/node/v16.16.0/bin:/usr/local/sbin:/usr/local/bin:/usr/sbin:/usr/bin:/sbin:/bin:/usr/games:/usr/local/games:/usr/lib/wsl/lib:/mnt/c/Python310/Scripts/:/mnt/c/Python310/:/mnt/c/Windows/system32:/mnt/c/Windows:/mnt/c/Windows/System32/Wbem:/mnt/c/Windows/System32/WindowsPowerShell/v1.0/:/mnt/c/Windows/System32/OpenSSH/:/mnt/c/Program Files/nodejs/:/mnt/c/ProgramData/chocolatey/bin:/mnt/c/Users/omarw/AppData/Local/Microsoft/WindowsApps:/mnt/c/Users/omarw/AppData/Local/Programs/Microsoft VS Code/bin:/mnt/c/Users/omarw/AppData/Roaming/npm:/snap/bin

Yarn version: 
  1.22.15

Node version: 
  16.16.0

Platform: 
  linux x64

Trace: 
  Error: https://registry.yarnpkg.com/prettier: ETIMEDOUT
      at Timeout._onTimeout (/home/omar/.node/corepack/yarn/1.22.15/lib/cli.js:141545:19)
      at listOnTimeout (node:internal/timers:559:17)
      at processTimers (node:internal/timers:502:7)

npm manifest: 
  No manifest

yarn manifest: 
  No manifest

Lockfile: 
  No lockfile
